2026-07-14 00:11:08,132 [INFO] LogOutputStream:77 - [STDOUT_REDIRECT] 
2026-07-14 00:11:10,699 [INFO] ProjectBuilder:5154 - Time for Generating toolchain IDE Files: 3233mS.
2026-07-14 00:11:10,700 [INFO] ProjectBuilder:3146 - Time for Copy CMSIS : 1mS.
2026-07-14 00:11:10,703 [INFO] ProjectBuilder:3146 - Time for Copy CMSIS : 0mS.
2026-07-14 00:11:13,077 [ERROR] ConfigurationRetriever:142 - IOException on connection: Connect timed out
2026-07-14 00:11:15,079 [ERROR] ConfigurationRetriever:142 - IOException on connection: Connect timed out
2026-07-14 00:11:16,378 [ERROR] AdobePublisher:162 - Exception while opening the connection: java.net.SocketTimeoutException: Connect timed out
2026-07-14 00:11:17,082 [ERROR] ConfigurationRetriever:142 - IOException on connection: Connect timed out
2026-07-14 00:11:21,380 [ERROR] AdobePublisher:162 - Exception while opening the connection: java.net.SocketTimeoutException: Connect timed out
2026-07-14 00:11:26,382 [ERROR] AdobePublisher:162 - Exception while opening the connection: java.net.SocketTimeoutException: Connect timed out
2026-07-14 00:11:31,382 [ERROR] AdobePublisher:162 - Exception while opening the connection: java.net.SocketTimeoutException: Connect timed out
2026-07-14 00:11:34,968 [INFO] WebApp:190 - Connection lost
2026-07-14 00:11:36,384 [ERROR] AdobePublisher:162 - Exception while opening the connection: java.net.SocketTimeoutException: Connect timed out
2026-07-14 00:11:36,384 [INFO] McuFinderGlobals:76 - Set McuFinderConnectedMode to true
2026-07-14 00:11:36,388 [INFO] ApiDb:448 - Save user favorites file C:\Users\AA/.stm32cubeide/favorites.mcus.txt: 2 item(s)
2026-07-14 00:11:36,389 [INFO] ApiDb:452 - User favorites MCUs=[STM32F030F4P6, STM32F401CCU6]
2026-07-14 00:11:36,390 [INFO] ApiDb:448 - Save user favorites file C:\Users\AA/.stm32cubeide/favorites.boards.txt: 1 item(s)
2026-07-14 00:11:36,390 [INFO] ApiDb:452 - User favorites Boards=[NUCLEO-G491RE]
2026-07-14 00:12:14,098 [INFO] WebApp:187 - Connection restablished
2026-07-14 00:12:14,329 [INFO] RtosManager:922 - Current active RTOS is FREERTOS [Cortex-M4NS]
2026-07-14 00:12:14,871 [WARN] FreeRTOS:563 - Case being investigated as it may cause exception (when called to early by set config state
2026-07-14 00:12:15,116 [ERROR] RtosPanel:558 - Can not restore the selected Tab for FREERTOS(A reason can be that the tab is no more available.)
2026-07-14 00:12:15,200 [ERROR] RtosPanel:558 - Can not restore the selected Tab for FREERTOS(A reason can be that the tab is no more available.)
2026-07-14 00:13:20,630 [INFO] TasksAndQueuesTab:757 - Dynamic
2026-07-14 00:13:20,631 [WARN] TasksAndQueuesTab:763 - 128 128
2026-07-14 00:13:20,631 [WARN] TasksAndQueuesTab:775 - max value is: 768.0
2026-07-14 00:13:44,470 [INFO] WebApp:190 - Connection lost
2026-07-14 00:13:45,138 [INFO] WebApp:187 - Connection restablished
2026-07-14 00:15:40,662 [ERROR] RtosPanel:558 - Can not restore the selected Tab for FREERTOS(A reason can be that the tab is no more available.)
2026-07-14 00:15:47,854 [INFO] TasksAndQueuesTab:757 - Dynamic
2026-07-14 00:15:47,854 [WARN] TasksAndQueuesTab:763 - 128 128
2026-07-14 00:15:47,854 [WARN] TasksAndQueuesTab:775 - max value is: 768.0
2026-07-14 00:15:49,265 [INFO] EditThreadDialog:704 - RAM SIZE (in KB): 128
2026-07-14 00:15:49,265 [INFO] EditThreadDialog:706 - RAM SIZE (in words): 32768
2026-07-14 00:16:13,240 [INFO] TasksAndQueuesTab:757 - Dynamic
2026-07-14 00:16:13,241 [WARN] TasksAndQueuesTab:763 - 128 128
2026-07-14 00:16:13,241 [WARN] TasksAndQueuesTab:775 - max value is: 768.0
2026-07-14 00:16:20,057 [INFO] UtilMem:75 - End SaveConfig() Used Memory: 818558968 Bytes (1073741824)
2026-07-14 00:16:21,148 [INFO] UtilMem:75 - End SaveConfig() Used Memory: 866793464 Bytes (1073741824)
2026-07-14 00:16:21,304 [ERROR] IocParser:95 - Exception caught: Cannot invoke "java.lang.CharSequence.length()" because "this.text" is null
2026-07-14 00:16:23,500 [INFO] UtilMem:75 - End SaveConfig() Used Memory: 1036789072 Bytes (1073741824)
2026-07-14 00:16:23,694 [ERROR] IocParser:95 - Exception caught: null
2026-07-14 00:16:49,826 [INFO] BlockDiagram:2766 - set Specific Code input for plugin: FREERTOS
2026-07-14 00:16:49,826 [INFO] BlockDiagram:2766 - set Specific Code input for plugin: SYS
2026-07-14 00:16:49,826 [INFO] BlockDiagram:2766 - set Specific Code input for plugin: RCC
2026-07-14 00:16:49,826 [INFO] BlockDiagram:2766 - set Specific Code input for plugin: NUCLEO-G491RE
2026-07-14 00:16:49,826 [INFO] BlockDiagram:2766 - set Specific Code input for plugin: NVIC
2026-07-14 00:16:49,827 [INFO] BlockDiagram:2766 - set Specific Code input for plugin: GPIO
2026-07-14 00:16:49,827 [INFO] CodeGenerator:896 - code generatio: config db path: C:\ST\STM32CubeIDE_1.17.0\STM32CubeIDE\plugins\com.st.stm32cube.common.mx_6.13.0.202411220809\\db\
2026-07-14 00:16:49,896 [INFO] CodeEngine:255 - oldGeneratedFile, C:\Users\AA\Desktop\GIT_STM\G491RE_rtos_test1\MXTmpFiles\license.tmp_save
2026-07-14 00:16:50,095 [INFO] CodeEngine:279 - Generated code: C:\Users\AA\Desktop\GIT_STM\G491RE_rtos_test1\MXTmpFiles\license.tmp
2026-07-14 00:16:50,126 [INFO] CodeEngine:255 - oldGeneratedFile, C:\Users\AA\Desktop\GIT_STM\G491RE_rtos_test1\MXTmpFiles\gpio.tmp_save
2026-07-14 00:16:50,260 [INFO] CodeEngine:279 - Generated code: C:\Users\AA\Desktop\GIT_STM\G491RE_rtos_test1\MXTmpFiles\gpio.tmp
2026-07-14 00:16:50,339 [INFO] Middleware:1450 - No code input for Bsp Dependency
2026-07-14 00:16:50,345 [INFO] CodeEngine:255 - oldGeneratedFile, C:\Users\AA\Desktop\GIT_STM\G491RE_rtos_test1\MXTmpFiles\rtos_inc.tmp_save
2026-07-14 00:16:50,452 [INFO] CodeEngine:279 - Generated code: C:\Users\AA\Desktop\GIT_STM\G491RE_rtos_test1\MXTmpFiles\rtos_inc.tmp
2026-07-14 00:16:50,455 [INFO] CodeEngine:255 - oldGeneratedFile, C:\Users\AA\Desktop\GIT_STM\G491RE_rtos_test1\MXTmpFiles\rtos_kernelInit.tmp_save
2026-07-14 00:16:50,531 [INFO] CodeEngine:279 - Generated code: C:\Users\AA\Desktop\GIT_STM\G491RE_rtos_test1\MXTmpFiles\rtos_kernelInit.tmp
2026-07-14 00:16:50,535 [INFO] CodeEngine:255 - oldGeneratedFile, C:\Users\AA\Desktop\GIT_STM\G491RE_rtos_test1\MXTmpFiles\rtos_kernelStart.tmp_save
2026-07-14 00:16:50,596 [INFO] CodeEngine:279 - Generated code: C:\Users\AA\Desktop\GIT_STM\G491RE_rtos_test1\MXTmpFiles\rtos_kernelStart.tmp
2026-07-14 00:16:50,599 [INFO] CodeEngine:255 - oldGeneratedFile, C:\Users\AA\Desktop\GIT_STM\G491RE_rtos_test1\MXTmpFiles\rtos_typedefs.tmp_save
2026-07-14 00:16:50,650 [INFO] CodeEngine:279 - Generated code: C:\Users\AA\Desktop\GIT_STM\G491RE_rtos_test1\MXTmpFiles\rtos_typedefs.tmp
2026-07-14 00:16:50,653 [INFO] CodeEngine:255 - oldGeneratedFile, C:\Users\AA\Desktop\GIT_STM\G491RE_rtos_test1\MXTmpFiles\rtos_vars.tmp_save
2026-07-14 00:16:50,732 [INFO] CodeEngine:279 - Generated code: C:\Users\AA\Desktop\GIT_STM\G491RE_rtos_test1\MXTmpFiles\rtos_vars.tmp
2026-07-14 00:16:50,743 [INFO] CodeEngine:255 - oldGeneratedFile, C:\Users\AA\Desktop\GIT_STM\G491RE_rtos_test1\MXTmpFiles\rtos_pfp.tmp_save
2026-07-14 00:16:50,809 [INFO] CodeEngine:279 - Generated code: C:\Users\AA\Desktop\GIT_STM\G491RE_rtos_test1\MXTmpFiles\rtos_pfp.tmp
2026-07-14 00:16:50,813 [INFO] CodeEngine:255 - oldGeneratedFile, C:\Users\AA\Desktop\GIT_STM\G491RE_rtos_test1\MXTmpFiles\rtos_obj_creat.tmp_save
2026-07-14 00:16:50,913 [INFO] CodeEngine:279 - Generated code: C:\Users\AA\Desktop\GIT_STM\G491RE_rtos_test1\MXTmpFiles\rtos_obj_creat.tmp
2026-07-14 00:16:50,925 [INFO] CodeEngine:255 - oldGeneratedFile, C:\Users\AA\Desktop\GIT_STM\G491RE_rtos_test1\MXTmpFiles\rtos_default_thread.tmp_save
2026-07-14 00:16:51,025 [INFO] CodeEngine:279 - Generated code: C:\Users\AA\Desktop\GIT_STM\G491RE_rtos_test1\MXTmpFiles\rtos_default_thread.tmp
2026-07-14 00:16:51,029 [INFO] CodeEngine:255 - oldGeneratedFile, C:\Users\AA\Desktop\GIT_STM\G491RE_rtos_test1\MXTmpFiles\rtos_threads.tmp_save
2026-07-14 00:16:51,098 [INFO] CodeEngine:279 - Generated code: C:\Users\AA\Desktop\GIT_STM\G491RE_rtos_test1\MXTmpFiles\rtos_threads.tmp
2026-07-14 00:16:51,123 [INFO] Middleware:1450 - No code input for Bsp Dependency
2026-07-14 00:16:51,141 [INFO] CodeEngine:255 - oldGeneratedFile, C:\Users\AA\Desktop\GIT_STM\G491RE_rtos_test1\MXTmpFiles\rtos_inc.tmp_save
2026-07-14 00:16:51,223 [INFO] CodeEngine:279 - Generated code: C:\Users\AA\Desktop\GIT_STM\G491RE_rtos_test1\MXTmpFiles\rtos_inc.tmp
2026-07-14 00:16:51,227 [INFO] CodeEngine:255 - oldGeneratedFile, C:\Users\AA\Desktop\GIT_STM\G491RE_rtos_test1\MXTmpFiles\rtos_kernelInit.tmp_save
2026-07-14 00:16:51,273 [INFO] CodeEngine:279 - Generated code: C:\Users\AA\Desktop\GIT_STM\G491RE_rtos_test1\MXTmpFiles\rtos_kernelInit.tmp
2026-07-14 00:16:51,278 [INFO] CodeEngine:255 - oldGeneratedFile, C:\Users\AA\Desktop\GIT_STM\G491RE_rtos_test1\MXTmpFiles\rtos_kernelStart.tmp_save
2026-07-14 00:16:51,328 [INFO] CodeEngine:279 - Generated code: C:\Users\AA\Desktop\GIT_STM\G491RE_rtos_test1\MXTmpFiles\rtos_kernelStart.tmp
2026-07-14 00:16:51,332 [INFO] CodeEngine:255 - oldGeneratedFile, C:\Users\AA\Desktop\GIT_STM\G491RE_rtos_test1\MXTmpFiles\rtos_typedefs.tmp_save
2026-07-14 00:16:51,381 [INFO] CodeEngine:279 - Generated code: C:\Users\AA\Desktop\GIT_STM\G491RE_rtos_test1\MXTmpFiles\rtos_typedefs.tmp
2026-07-14 00:16:51,399 [INFO] CodeEngine:255 - oldGeneratedFile, C:\Users\AA\Desktop\GIT_STM\G491RE_rtos_test1\MXTmpFiles\rtos_vars.tmp_save
2026-07-14 00:16:51,453 [INFO] CodeEngine:279 - Generated code: C:\Users\AA\Desktop\GIT_STM\G491RE_rtos_test1\MXTmpFiles\rtos_vars.tmp
2026-07-14 00:16:51,457 [INFO] CodeEngine:255 - oldGeneratedFile, C:\Users\AA\Desktop\GIT_STM\G491RE_rtos_test1\MXTmpFiles\rtos_pfp.tmp_save
2026-07-14 00:16:51,505 [INFO] CodeEngine:279 - Generated code: C:\Users\AA\Desktop\GIT_STM\G491RE_rtos_test1\MXTmpFiles\rtos_pfp.tmp
2026-07-14 00:16:51,517 [INFO] CodeEngine:255 - oldGeneratedFile, C:\Users\AA\Desktop\GIT_STM\G491RE_rtos_test1\MXTmpFiles\rtos_obj_creat.tmp_save
2026-07-14 00:16:51,566 [INFO] CodeEngine:279 - Generated code: C:\Users\AA\Desktop\GIT_STM\G491RE_rtos_test1\MXTmpFiles\rtos_obj_creat.tmp
2026-07-14 00:16:51,570 [INFO] CodeEngine:255 - oldGeneratedFile, C:\Users\AA\Desktop\GIT_STM\G491RE_rtos_test1\MXTmpFiles\rtos_default_thread.tmp_save
2026-07-14 00:16:51,615 [INFO] CodeEngine:279 - Generated code: C:\Users\AA\Desktop\GIT_STM\G491RE_rtos_test1\MXTmpFiles\rtos_default_thread.tmp
2026-07-14 00:16:51,627 [INFO] CodeEngine:255 - oldGeneratedFile, C:\Users\AA\Desktop\GIT_STM\G491RE_rtos_test1\MXTmpFiles\rtos_threads.tmp_save
2026-07-14 00:16:51,675 [INFO] CodeEngine:279 - Generated code: C:\Users\AA\Desktop\GIT_STM\G491RE_rtos_test1\MXTmpFiles\rtos_threads.tmp
2026-07-14 00:16:51,679 [INFO] CodeEngine:255 - oldGeneratedFile, C:\Users\AA\Desktop\GIT_STM\G491RE_rtos_test1\Core\Inc\FreeRTOSConfig.h_save
2026-07-14 00:16:51,791 [INFO] CodeEngine:279 - Generated code: C:\Users\AA\Desktop\GIT_STM\G491RE_rtos_test1\Core\Inc\FreeRTOSConfig.h
2026-07-14 00:16:51,796 [INFO] CodeEngine:255 - oldGeneratedFile, C:\Users\AA\Desktop\GIT_STM\G491RE_rtos_test1\Core\Src\app_freertos.c_save
2026-07-14 00:16:51,885 [INFO] CodeEngine:279 - Generated code: C:\Users\AA\Desktop\GIT_STM\G491RE_rtos_test1\Core\Src\app_freertos.c
2026-07-14 00:16:51,896 [INFO] CodeEngine:255 - oldGeneratedFile, C:\Users\AA\Desktop\GIT_STM\G491RE_rtos_test1\Core\Inc\stm32g4xx_nucleo_conf.h_save
2026-07-14 00:16:51,967 [INFO] CodeEngine:279 - Generated code: C:\Users\AA\Desktop\GIT_STM\G491RE_rtos_test1\Core\Inc\stm32g4xx_nucleo_conf.h
2026-07-14 00:16:51,970 [INFO] CodeEngine:255 - oldGeneratedFile, C:\Users\AA\Desktop\GIT_STM\G491RE_rtos_test1\MXTmpFiles\bsp_inc.tmp_save
2026-07-14 00:16:52,015 [INFO] CodeEngine:279 - Generated code: C:\Users\AA\Desktop\GIT_STM\G491RE_rtos_test1\MXTmpFiles\bsp_inc.tmp
2026-07-14 00:16:52,017 [INFO] CodeEngine:255 - oldGeneratedFile, C:\Users\AA\Desktop\GIT_STM\G491RE_rtos_test1\MXTmpFiles\bsp_common_vars.tmp_save
2026-07-14 00:16:52,065 [INFO] CodeEngine:279 - Generated code: C:\Users\AA\Desktop\GIT_STM\G491RE_rtos_test1\MXTmpFiles\bsp_common_vars.tmp
2026-07-14 00:16:52,067 [INFO] CodeEngine:255 - oldGeneratedFile, C:\Users\AA\Desktop\GIT_STM\G491RE_rtos_test1\MXTmpFiles\bsp_common_init.tmp_save
2026-07-14 00:16:52,110 [INFO] CodeEngine:279 - Generated code: C:\Users\AA\Desktop\GIT_STM\G491RE_rtos_test1\MXTmpFiles\bsp_common_init.tmp
2026-07-14 00:16:52,113 [INFO] CodeEngine:255 - oldGeneratedFile, C:\Users\AA\Desktop\GIT_STM\G491RE_rtos_test1\MXTmpFiles\bsp_common_demo_before_while.tmp_save
2026-07-14 00:16:52,157 [INFO] CodeEngine:279 - Generated code: C:\Users\AA\Desktop\GIT_STM\G491RE_rtos_test1\MXTmpFiles\bsp_common_demo_before_while.tmp
2026-07-14 00:16:52,159 [INFO] CodeEngine:255 - oldGeneratedFile, C:\Users\AA\Desktop\GIT_STM\G491RE_rtos_test1\MXTmpFiles\bsp_common_demo_inside_while.tmp_save
2026-07-14 00:16:52,203 [INFO] CodeEngine:279 - Generated code: C:\Users\AA\Desktop\GIT_STM\G491RE_rtos_test1\MXTmpFiles\bsp_common_demo_inside_while.tmp
2026-07-14 00:16:52,206 [INFO] CodeEngine:255 - oldGeneratedFile, C:\Users\AA\Desktop\GIT_STM\G491RE_rtos_test1\MXTmpFiles\bsp_common_demo_fct.tmp_save
2026-07-14 00:16:52,256 [INFO] CodeEngine:279 - Generated code: C:\Users\AA\Desktop\GIT_STM\G491RE_rtos_test1\MXTmpFiles\bsp_common_demo_fct.tmp
2026-07-14 00:16:52,274 [INFO] CodeEngine:255 - oldGeneratedFile, C:\Users\AA\Desktop\GIT_STM\G491RE_rtos_test1\Core\Src\stm32g4xx_it.c_save
2026-07-14 00:16:52,486 [INFO] CodeEngine:279 - Generated code: C:\Users\AA\Desktop\GIT_STM\G491RE_rtos_test1\Core\Src\stm32g4xx_it.c
2026-07-14 00:16:52,490 [INFO] CodeEngine:255 - oldGeneratedFile, C:\Users\AA\Desktop\GIT_STM\G491RE_rtos_test1\Core\Inc\stm32g4xx_it.h_save
2026-07-14 00:16:52,555 [INFO] CodeEngine:279 - Generated code: C:\Users\AA\Desktop\GIT_STM\G491RE_rtos_test1\Core\Inc\stm32g4xx_it.h
2026-07-14 00:16:52,579 [INFO] CodeEngine:255 - oldGeneratedFile, C:\Users\AA\Desktop\GIT_STM\G491RE_rtos_test1\Core\Src\stm32g4xx_hal_msp.c_save
2026-07-14 00:16:52,674 [INFO] CodeEngine:279 - Generated code: C:\Users\AA\Desktop\GIT_STM\G491RE_rtos_test1\Core\Src\stm32g4xx_hal_msp.c
2026-07-14 00:16:52,677 [INFO] CodeEngine:255 - oldGeneratedFile, C:\Users\AA\Desktop\GIT_STM\G491RE_rtos_test1\MXTmpFiles\system.tmp_save
2026-07-14 00:16:52,725 [INFO] CodeEngine:279 - Generated code: C:\Users\AA\Desktop\GIT_STM\G491RE_rtos_test1\MXTmpFiles\system.tmp
2026-07-14 00:16:52,727 [INFO] CodeEngine:255 - oldGeneratedFile, C:\Users\AA\Desktop\GIT_STM\G491RE_rtos_test1\Core\Src\stm32g4xx_hal_timebase_tim.c_save
2026-07-14 00:16:52,812 [INFO] CodeEngine:279 - Generated code: C:\Users\AA\Desktop\GIT_STM\G491RE_rtos_test1\Core\Src\stm32g4xx_hal_timebase_tim.c
2026-07-14 00:16:52,834 [INFO] CodeEngine:311 - oldGeneratedFile, C:\Users\AA\Desktop\GIT_STM\G491RE_rtos_test1\Core\Inc\stm32g4xx_hal_conf.h_save
2026-07-14 00:16:52,923 [INFO] CodeEngine:335 - Generated code: C:\Users\AA\Desktop\GIT_STM\G491RE_rtos_test1\Core\Inc\stm32g4xx_hal_conf.h
2026-07-14 00:16:52,952 [WARN] IPConfigManager:3034 - Warning: the RefConfig RCC_CommonPeriphClockConfig is not available in your config.xml file
2026-07-14 00:16:52,980 [INFO] CodeEngine:255 - oldGeneratedFile, C:\Users\AA\Desktop\GIT_STM\G491RE_rtos_test1\Core\Inc\main.h_save
2026-07-14 00:16:53,082 [INFO] CodeEngine:279 - Generated code: C:\Users\AA\Desktop\GIT_STM\G491RE_rtos_test1\Core\Inc\main.h
2026-07-14 00:16:53,093 [INFO] CodeEngine:255 - oldGeneratedFile, C:\Users\AA\Desktop\GIT_STM\G491RE_rtos_test1\Core\Src\main.c_save
2026-07-14 00:16:53,229 [INFO] CodeEngine:279 - Generated code: C:\Users\AA\Desktop\GIT_STM\G491RE_rtos_test1\Core\Src\main.c
2026-07-14 00:16:53,579 [INFO] ProjectBuilder:3289 - Time for Copy HAL[1] : 172mS.
2026-07-14 00:16:53,583 [INFO] ProjectBuilder:4876 - Project Generator version: 4.5.0-RC5
2026-07-14 00:16:53,659 [INFO] ConfigFileManager:1579 - The Die is : DIE479
2026-07-14 00:16:54,815 [INFO] ProjectBuilder:5154 - Time for Generating toolchain IDE Files: 1232mS.
2026-07-14 00:16:54,816 [INFO] ProjectBuilder:3146 - Time for Copy CMSIS : 1mS.
2026-07-14 00:16:54,823 [INFO] ProjectBuilder:3146 - Time for Copy CMSIS : 0mS.
2026-07-14 00:17:29,396 [INFO] UtilMem:75 - End SaveConfig() Used Memory: 916296328 Bytes (1073741824)
2026-07-14 00:17:30,312 [ERROR] IocParser:95 - Exception caught: null
2026-07-14 00:17:32,216 [INFO] UtilMem:75 - End SaveConfig() Used Memory: 848534312 Bytes (1073741824)
2026-07-14 00:17:32,324 [ERROR] IocParser:95 - Exception caught: null
2026-07-14 00:17:34,672 [INFO] UtilMem:75 - End SaveConfig() Used Memory: 890885600 Bytes (1073741824)
2026-07-14 00:17:34,770 [ERROR] IocParser:95 - Exception caught: null
2026-07-14 00:17:34,889 [INFO] BlockDiagram:2766 - set Specific Code input for plugin: FREERTOS
2026-07-14 00:17:34,889 [INFO] BlockDiagram:2766 - set Specific Code input for plugin: SYS
2026-07-14 00:17:34,890 [INFO] BlockDiagram:2766 - set Specific Code input for plugin: RCC
2026-07-14 00:17:34,890 [INFO] BlockDiagram:2766 - set Specific Code input for plugin: NUCLEO-G491RE
2026-07-14 00:17:34,890 [INFO] BlockDiagram:2766 - set Specific Code input for plugin: NVIC
2026-07-14 00:17:34,890 [INFO] BlockDiagram:2766 - set Specific Code input for plugin: GPIO
2026-07-14 00:17:34,890 [INFO] CodeGenerator:896 - code generatio: config db path: C:\ST\STM32CubeIDE_1.17.0\STM32CubeIDE\plugins\com.st.stm32cube.common.mx_6.13.0.202411220809\\db\
2026-07-14 00:17:34,951 [INFO] CodeEngine:255 - oldGeneratedFile, C:\Users\AA\Desktop\GIT_STM\G491RE_rtos_test1\MXTmpFiles\license.tmp_save
2026-07-14 00:17:35,019 [INFO] CodeEngine:279 - Generated code: C:\Users\AA\Desktop\GIT_STM\G491RE_rtos_test1\MXTmpFiles\license.tmp
2026-07-14 00:17:35,031 [INFO] CodeEngine:255 - oldGeneratedFile, C:\Users\AA\Desktop\GIT_STM\G491RE_rtos_test1\MXTmpFiles\gpio.tmp_save
2026-07-14 00:17:35,098 [INFO] CodeEngine:279 - Generated code: C:\Users\AA\Desktop\GIT_STM\G491RE_rtos_test1\MXTmpFiles\gpio.tmp
2026-07-14 00:17:35,146 [INFO] Middleware:1450 - No code input for Bsp Dependency
2026-07-14 00:17:35,152 [INFO] CodeEngine:255 - oldGeneratedFile, C:\Users\AA\Desktop\GIT_STM\G491RE_rtos_test1\MXTmpFiles\rtos_inc.tmp_save
2026-07-14 00:17:35,219 [INFO] CodeEngine:279 - Generated code: C:\Users\AA\Desktop\GIT_STM\G491RE_rtos_test1\MXTmpFiles\rtos_inc.tmp
2026-07-14 00:17:35,222 [INFO] CodeEngine:255 - oldGeneratedFile, C:\Users\AA\Desktop\GIT_STM\G491RE_rtos_test1\MXTmpFiles\rtos_kernelInit.tmp_save
2026-07-14 00:17:35,272 [INFO] CodeEngine:279 - Generated code: C:\Users\AA\Desktop\GIT_STM\G491RE_rtos_test1\MXTmpFiles\rtos_kernelInit.tmp
2026-07-14 00:17:35,274 [INFO] CodeEngine:255 - oldGeneratedFile, C:\Users\AA\Desktop\GIT_STM\G491RE_rtos_test1\MXTmpFiles\rtos_kernelStart.tmp_save
2026-07-14 00:17:35,316 [INFO] CodeEngine:279 - Generated code: C:\Users\AA\Desktop\GIT_STM\G491RE_rtos_test1\MXTmpFiles\rtos_kernelStart.tmp
2026-07-14 00:17:35,319 [INFO] CodeEngine:255 - oldGeneratedFile, C:\Users\AA\Desktop\GIT_STM\G491RE_rtos_test1\MXTmpFiles\rtos_typedefs.tmp_save
2026-07-14 00:17:35,360 [INFO] CodeEngine:279 - Generated code: C:\Users\AA\Desktop\GIT_STM\G491RE_rtos_test1\MXTmpFiles\rtos_typedefs.tmp
2026-07-14 00:17:35,363 [INFO] CodeEngine:255 - oldGeneratedFile, C:\Users\AA\Desktop\GIT_STM\G491RE_rtos_test1\MXTmpFiles\rtos_vars.tmp_save
2026-07-14 00:17:35,415 [INFO] CodeEngine:279 - Generated code: C:\Users\AA\Desktop\GIT_STM\G491RE_rtos_test1\MXTmpFiles\rtos_vars.tmp
2026-07-14 00:17:35,418 [INFO] CodeEngine:255 - oldGeneratedFile, C:\Users\AA\Desktop\GIT_STM\G491RE_rtos_test1\MXTmpFiles\rtos_pfp.tmp_save
2026-07-14 00:17:35,460 [INFO] CodeEngine:279 - Generated code: C:\Users\AA\Desktop\GIT_STM\G491RE_rtos_test1\MXTmpFiles\rtos_pfp.tmp
2026-07-14 00:17:35,464 [INFO] CodeEngine:255 - oldGeneratedFile, C:\Users\AA\Desktop\GIT_STM\G491RE_rtos_test1\MXTmpFiles\rtos_obj_creat.tmp_save
2026-07-14 00:17:35,515 [INFO] CodeEngine:279 - Generated code: C:\Users\AA\Desktop\GIT_STM\G491RE_rtos_test1\MXTmpFiles\rtos_obj_creat.tmp
2026-07-14 00:17:35,518 [INFO] CodeEngine:255 - oldGeneratedFile, C:\Users\AA\Desktop\GIT_STM\G491RE_rtos_test1\MXTmpFiles\rtos_default_thread.tmp_save
2026-07-14 00:17:35,560 [INFO] CodeEngine:279 - Generated code: C:\Users\AA\Desktop\GIT_STM\G491RE_rtos_test1\MXTmpFiles\rtos_default_thread.tmp
2026-07-14 00:17:35,563 [INFO] CodeEngine:255 - oldGeneratedFile, C:\Users\AA\Desktop\GIT_STM\G491RE_rtos_test1\MXTmpFiles\rtos_threads.tmp_save
2026-07-14 00:17:35,604 [INFO] CodeEngine:279 - Generated code: C:\Users\AA\Desktop\GIT_STM\G491RE_rtos_test1\MXTmpFiles\rtos_threads.tmp
2026-07-14 00:17:35,614 [INFO] Middleware:1450 - No code input for Bsp Dependency
2026-07-14 00:17:35,620 [INFO] CodeEngine:255 - oldGeneratedFile, C:\Users\AA\Desktop\GIT_STM\G491RE_rtos_test1\MXTmpFiles\rtos_inc.tmp_save
2026-07-14 00:17:35,683 [INFO] CodeEngine:279 - Generated code: C:\Users\AA\Desktop\GIT_STM\G491RE_rtos_test1\MXTmpFiles\rtos_inc.tmp
2026-07-14 00:17:35,686 [INFO] CodeEngine:255 - oldGeneratedFile, C:\Users\AA\Desktop\GIT_STM\G491RE_rtos_test1\MXTmpFiles\rtos_kernelInit.tmp_save
2026-07-14 00:17:35,731 [INFO] CodeEngine:279 - Generated code: C:\Users\AA\Desktop\GIT_STM\G491RE_rtos_test1\MXTmpFiles\rtos_kernelInit.tmp
2026-07-14 00:17:35,735 [INFO] CodeEngine:255 - oldGeneratedFile, C:\Users\AA\Desktop\GIT_STM\G491RE_rtos_test1\MXTmpFiles\rtos_kernelStart.tmp_save
2026-07-14 00:17:35,783 [INFO] CodeEngine:279 - Generated code: C:\Users\AA\Desktop\GIT_STM\G491RE_rtos_test1\MXTmpFiles\rtos_kernelStart.tmp
2026-07-14 00:17:35,787 [INFO] CodeEngine:255 - oldGeneratedFile, C:\Users\AA\Desktop\GIT_STM\G491RE_rtos_test1\MXTmpFiles\rtos_typedefs.tmp_save
2026-07-14 00:17:35,856 [INFO] CodeEngine:279 - Generated code: C:\Users\AA\Desktop\GIT_STM\G491RE_rtos_test1\MXTmpFiles\rtos_typedefs.tmp
2026-07-14 00:17:35,874 [INFO] CodeEngine:255 - oldGeneratedFile, C:\Users\AA\Desktop\GIT_STM\G491RE_rtos_test1\MXTmpFiles\rtos_vars.tmp_save
2026-07-14 00:17:35,921 [INFO] CodeEngine:279 - Generated code: C:\Users\AA\Desktop\GIT_STM\G491RE_rtos_test1\MXTmpFiles\rtos_vars.tmp
2026-07-14 00:17:35,926 [INFO] CodeEngine:255 - oldGeneratedFile, C:\Users\AA\Desktop\GIT_STM\G491RE_rtos_test1\MXTmpFiles\rtos_pfp.tmp_save
2026-07-14 00:17:35,971 [INFO] CodeEngine:279 - Generated code: C:\Users\AA\Desktop\GIT_STM\G491RE_rtos_test1\MXTmpFiles\rtos_pfp.tmp
2026-07-14 00:17:35,983 [INFO] CodeEngine:255 - oldGeneratedFile, C:\Users\AA\Desktop\GIT_STM\G491RE_rtos_test1\MXTmpFiles\rtos_obj_creat.tmp_save
2026-07-14 00:17:36,028 [INFO] CodeEngine:279 - Generated code: C:\Users\AA\Desktop\GIT_STM\G491RE_rtos_test1\MXTmpFiles\rtos_obj_creat.tmp
2026-07-14 00:17:36,032 [INFO] CodeEngine:255 - oldGeneratedFile, C:\Users\AA\Desktop\GIT_STM\G491RE_rtos_test1\MXTmpFiles\rtos_default_thread.tmp_save
2026-07-14 00:17:36,075 [INFO] CodeEngine:279 - Generated code: C:\Users\AA\Desktop\GIT_STM\G491RE_rtos_test1\MXTmpFiles\rtos_default_thread.tmp
2026-07-14 00:17:36,079 [INFO] CodeEngine:255 - oldGeneratedFile, C:\Users\AA\Desktop\GIT_STM\G491RE_rtos_test1\MXTmpFiles\rtos_threads.tmp_save
2026-07-14 00:17:36,121 [INFO] CodeEngine:279 - Generated code: C:\Users\AA\Desktop\GIT_STM\G491RE_rtos_test1\MXTmpFiles\rtos_threads.tmp
2026-07-14 00:17:36,134 [INFO] CodeEngine:255 - oldGeneratedFile, C:\Users\AA\Desktop\GIT_STM\G491RE_rtos_test1\Core\Inc\FreeRTOSConfig.h_save
2026-07-14 00:17:36,220 [INFO] CodeEngine:279 - Generated code: C:\Users\AA\Desktop\GIT_STM\G491RE_rtos_test1\Core\Inc\FreeRTOSConfig.h
2026-07-14 00:17:36,232 [INFO] CodeEngine:255 - oldGeneratedFile, C:\Users\AA\Desktop\GIT_STM\G491RE_rtos_test1\Core\Src\app_freertos.c_save
2026-07-14 00:17:36,278 [INFO] CodeEngine:279 - Generated code: C:\Users\AA\Desktop\GIT_STM\G491RE_rtos_test1\Core\Src\app_freertos.c
2026-07-14 00:17:36,286 [INFO] CodeEngine:255 - oldGeneratedFile, C:\Users\AA\Desktop\GIT_STM\G491RE_rtos_test1\Core\Inc\stm32g4xx_nucleo_conf.h_save
2026-07-14 00:17:36,349 [INFO] CodeEngine:279 - Generated code: C:\Users\AA\Desktop\GIT_STM\G491RE_rtos_test1\Core\Inc\stm32g4xx_nucleo_conf.h
2026-07-14 00:17:36,352 [INFO] CodeEngine:255 - oldGeneratedFile, C:\Users\AA\Desktop\GIT_STM\G491RE_rtos_test1\MXTmpFiles\bsp_inc.tmp_save
2026-07-14 00:17:36,394 [INFO] CodeEngine:279 - Generated code: C:\Users\AA\Desktop\GIT_STM\G491RE_rtos_test1\MXTmpFiles\bsp_inc.tmp
2026-07-14 00:17:36,397 [INFO] CodeEngine:255 - oldGeneratedFile, C:\Users\AA\Desktop\GIT_STM\G491RE_rtos_test1\MXTmpFiles\bsp_common_vars.tmp_save
2026-07-14 00:17:36,443 [INFO] CodeEngine:279 - Generated code: C:\Users\AA\Desktop\GIT_STM\G491RE_rtos_test1\MXTmpFiles\bsp_common_vars.tmp
2026-07-14 00:17:36,446 [INFO] CodeEngine:255 - oldGeneratedFile, C:\Users\AA\Desktop\GIT_STM\G491RE_rtos_test1\MXTmpFiles\bsp_common_init.tmp_save
2026-07-14 00:17:36,488 [INFO] CodeEngine:279 - Generated code: C:\Users\AA\Desktop\GIT_STM\G491RE_rtos_test1\MXTmpFiles\bsp_common_init.tmp
2026-07-14 00:17:36,491 [INFO] CodeEngine:255 - oldGeneratedFile, C:\Users\AA\Desktop\GIT_STM\G491RE_rtos_test1\MXTmpFiles\bsp_common_demo_before_while.tmp_save
2026-07-14 00:17:36,534 [INFO] CodeEngine:279 - Generated code: C:\Users\AA\Desktop\GIT_STM\G491RE_rtos_test1\MXTmpFiles\bsp_common_demo_before_while.tmp
2026-07-14 00:17:36,536 [INFO] CodeEngine:255 - oldGeneratedFile, C:\Users\AA\Desktop\GIT_STM\G491RE_rtos_test1\MXTmpFiles\bsp_common_demo_inside_while.tmp_save
2026-07-14 00:17:36,578 [INFO] CodeEngine:279 - Generated code: C:\Users\AA\Desktop\GIT_STM\G491RE_rtos_test1\MXTmpFiles\bsp_common_demo_inside_while.tmp
2026-07-14 00:17:36,581 [INFO] CodeEngine:255 - oldGeneratedFile, C:\Users\AA\Desktop\GIT_STM\G491RE_rtos_test1\MXTmpFiles\bsp_common_demo_fct.tmp_save
2026-07-14 00:17:36,623 [INFO] CodeEngine:279 - Generated code: C:\Users\AA\Desktop\GIT_STM\G491RE_rtos_test1\MXTmpFiles\bsp_common_demo_fct.tmp
2026-07-14 00:17:36,640 [INFO] CodeEngine:255 - oldGeneratedFile, C:\Users\AA\Desktop\GIT_STM\G491RE_rtos_test1\Core\Src\stm32g4xx_it.c_save
2026-07-14 00:17:36,703 [INFO] CodeEngine:279 - Generated code: C:\Users\AA\Desktop\GIT_STM\G491RE_rtos_test1\Core\Src\stm32g4xx_it.c
2026-07-14 00:17:36,707 [INFO] CodeEngine:255 - oldGeneratedFile, C:\Users\AA\Desktop\GIT_STM\G491RE_rtos_test1\Core\Inc\stm32g4xx_it.h_save
2026-07-14 00:17:36,755 [INFO] CodeEngine:279 - Generated code: C:\Users\AA\Desktop\GIT_STM\G491RE_rtos_test1\Core\Inc\stm32g4xx_it.h
2026-07-14 00:17:36,779 [INFO] CodeEngine:255 - oldGeneratedFile, C:\Users\AA\Desktop\GIT_STM\G491RE_rtos_test1\Core\Src\stm32g4xx_hal_msp.c_save
2026-07-14 00:17:36,854 [INFO] CodeEngine:279 - Generated code: C:\Users\AA\Desktop\GIT_STM\G491RE_rtos_test1\Core\Src\stm32g4xx_hal_msp.c
2026-07-14 00:17:36,857 [INFO] CodeEngine:255 - oldGeneratedFile, C:\Users\AA\Desktop\GIT_STM\G491RE_rtos_test1\MXTmpFiles\system.tmp_save
2026-07-14 00:17:36,914 [INFO] CodeEngine:279 - Generated code: C:\Users\AA\Desktop\GIT_STM\G491RE_rtos_test1\MXTmpFiles\system.tmp
2026-07-14 00:17:36,933 [INFO] CodeEngine:255 - oldGeneratedFile, C:\Users\AA\Desktop\GIT_STM\G491RE_rtos_test1\Core\Src\stm32g4xx_hal_timebase_tim.c_save
2026-07-14 00:17:36,992 [INFO] CodeEngine:279 - Generated code: C:\Users\AA\Desktop\GIT_STM\G491RE_rtos_test1\Core\Src\stm32g4xx_hal_timebase_tim.c
2026-07-14 00:17:37,015 [INFO] CodeEngine:311 - oldGeneratedFile, C:\Users\AA\Desktop\GIT_STM\G491RE_rtos_test1\Core\Inc\stm32g4xx_hal_conf.h_save
2026-07-14 00:17:37,111 [INFO] CodeEngine:335 - Generated code: C:\Users\AA\Desktop\GIT_STM\G491RE_rtos_test1\Core\Inc\stm32g4xx_hal_conf.h
2026-07-14 00:17:37,133 [WARN] IPConfigManager:3034 - Warning: the RefConfig RCC_CommonPeriphClockConfig is not available in your config.xml file
2026-07-14 00:17:37,159 [INFO] CodeEngine:255 - oldGeneratedFile, C:\Users\AA\Desktop\GIT_STM\G491RE_rtos_test1\Core\Inc\main.h_save
2026-07-14 00:17:37,228 [INFO] CodeEngine:279 - Generated code: C:\Users\AA\Desktop\GIT_STM\G491RE_rtos_test1\Core\Inc\main.h
2026-07-14 00:17:37,240 [INFO] CodeEngine:255 - oldGeneratedFile, C:\Users\AA\Desktop\GIT_STM\G491RE_rtos_test1\Core\Src\main.c_save
2026-07-14 00:17:37,355 [INFO] CodeEngine:279 - Generated code: C:\Users\AA\Desktop\GIT_STM\G491RE_rtos_test1\Core\Src\main.c
2026-07-14 00:17:37,658 [INFO] ProjectBuilder:3289 - Time for Copy HAL[1] : 159mS.
2026-07-14 00:17:37,661 [INFO] ProjectBuilder:4876 - Project Generator version: 4.5.0-RC5
2026-07-14 00:17:37,724 [INFO] ConfigFileManager:1579 - The Die is : DIE479
2026-07-14 00:17:38,485 [INFO] ProjectBuilder:5154 - Time for Generating toolchain IDE Files: 824mS.
2026-07-14 00:17:38,490 [INFO] ProjectBuilder:3146 - Time for Copy CMSIS : 4mS.
2026-07-14 00:17:38,496 [INFO] ProjectBuilder:3146 - Time for Copy CMSIS : 0mS.
2026-07-14 00:18:25,125 [INFO] TasksAndQueuesTab:757 - Dynamic
2026-07-14 00:18:25,125 [WARN] TasksAndQueuesTab:763 - 128 128
2026-07-14 00:18:25,125 [WARN] TasksAndQueuesTab:775 - max value is: 768.0
2026-07-14 00:18:27,116 [INFO] EditThreadDialog:704 - RAM SIZE (in KB): 128
2026-07-14 00:18:27,116 [INFO] EditThreadDialog:706 - RAM SIZE (in words): 32768
2026-07-14 00:18:45,513 [INFO] TasksAndQueuesTab:757 - Dynamic
2026-07-14 00:18:45,513 [WARN] TasksAndQueuesTab:763 - 128 128
2026-07-14 00:18:45,513 [WARN] TasksAndQueuesTab:775 - max value is: 768.0
2026-07-14 00:18:45,513 [INFO] TasksAndQueuesTab:757 - Dynamic
2026-07-14 00:18:45,513 [WARN] TasksAndQueuesTab:763 - 128 128
2026-07-14 00:18:45,513 [WARN] TasksAndQueuesTab:775 - max value is: 768.0
2026-07-14 00:21:22,369 [INFO] UtilMem:75 - End SaveConfig() Used Memory: 892013080 Bytes (1073741824)
2026-07-14 00:21:22,436 [INFO] UtilMem:75 - End SaveConfig() Used Memory: 911413784 Bytes (1073741824)
2026-07-14 00:21:22,860 [INFO] UtilMem:75 - End SaveConfig() Used Memory: 980093464 Bytes (1073741824)
2026-07-14 00:21:23,002 [INFO] BlockDiagram:2766 - set Specific Code input for plugin: FREERTOS
2026-07-14 00:21:23,003 [INFO] BlockDiagram:2766 - set Specific Code input for plugin: SYS
2026-07-14 00:21:23,003 [INFO] BlockDiagram:2766 - set Specific Code input for plugin: RCC
2026-07-14 00:21:23,003 [INFO] BlockDiagram:2766 - set Specific Code input for plugin: NUCLEO-G491RE
2026-07-14 00:21:23,003 [INFO] BlockDiagram:2766 - set Specific Code input for plugin: NVIC
2026-07-14 00:21:23,003 [INFO] BlockDiagram:2766 - set Specific Code input for plugin: GPIO
2026-07-14 00:21:23,003 [INFO] CodeGenerator:896 - code generatio: config db path: C:\ST\STM32CubeIDE_1.17.0\STM32CubeIDE\plugins\com.st.stm32cube.common.mx_6.13.0.202411220809\\db\
2026-07-14 00:21:23,064 [INFO] CodeEngine:255 - oldGeneratedFile, C:\Users\AA\Desktop\GIT_STM\G491RE_rtos_test1\MXTmpFiles\license.tmp_save
2026-07-14 00:21:23,148 [INFO] CodeEngine:279 - Generated code: C:\Users\AA\Desktop\GIT_STM\G491RE_rtos_test1\MXTmpFiles\license.tmp
2026-07-14 00:21:23,160 [INFO] CodeEngine:255 - oldGeneratedFile, C:\Users\AA\Desktop\GIT_STM\G491RE_rtos_test1\MXTmpFiles\gpio.tmp_save
2026-07-14 00:21:23,235 [INFO] CodeEngine:279 - Generated code: C:\Users\AA\Desktop\GIT_STM\G491RE_rtos_test1\MXTmpFiles\gpio.tmp
2026-07-14 00:21:23,264 [INFO] Middleware:1450 - No code input for Bsp Dependency
2026-07-14 00:21:23,269 [INFO] CodeEngine:255 - oldGeneratedFile, C:\Users\AA\Desktop\GIT_STM\G491RE_rtos_test1\MXTmpFiles\rtos_inc.tmp_save
2026-07-14 00:21:23,333 [INFO] CodeEngine:279 - Generated code: C:\Users\AA\Desktop\GIT_STM\G491RE_rtos_test1\MXTmpFiles\rtos_inc.tmp
2026-07-14 00:21:23,336 [INFO] CodeEngine:255 - oldGeneratedFile, C:\Users\AA\Desktop\GIT_STM\G491RE_rtos_test1\MXTmpFiles\rtos_kernelInit.tmp_save
2026-07-14 00:21:23,386 [INFO] CodeEngine:279 - Generated code: C:\Users\AA\Desktop\GIT_STM\G491RE_rtos_test1\MXTmpFiles\rtos_kernelInit.tmp
2026-07-14 00:21:23,389 [INFO] CodeEngine:255 - oldGeneratedFile, C:\Users\AA\Desktop\GIT_STM\G491RE_rtos_test1\MXTmpFiles\rtos_kernelStart.tmp_save
2026-07-14 00:21:23,435 [INFO] CodeEngine:279 - Generated code: C:\Users\AA\Desktop\GIT_STM\G491RE_rtos_test1\MXTmpFiles\rtos_kernelStart.tmp
2026-07-14 00:21:23,437 [INFO] CodeEngine:255 - oldGeneratedFile, C:\Users\AA\Desktop\GIT_STM\G491RE_rtos_test1\MXTmpFiles\rtos_typedefs.tmp_save
2026-07-14 00:21:23,480 [INFO] CodeEngine:279 - Generated code: C:\Users\AA\Desktop\GIT_STM\G491RE_rtos_test1\MXTmpFiles\rtos_typedefs.tmp
2026-07-14 00:21:23,482 [INFO] CodeEngine:255 - oldGeneratedFile, C:\Users\AA\Desktop\GIT_STM\G491RE_rtos_test1\MXTmpFiles\rtos_vars.tmp_save
2026-07-14 00:21:23,550 [INFO] CodeEngine:279 - Generated code: C:\Users\AA\Desktop\GIT_STM\G491RE_rtos_test1\MXTmpFiles\rtos_vars.tmp
2026-07-14 00:21:23,553 [INFO] CodeEngine:255 - oldGeneratedFile, C:\Users\AA\Desktop\GIT_STM\G491RE_rtos_test1\MXTmpFiles\rtos_pfp.tmp_save
2026-07-14 00:21:23,606 [INFO] CodeEngine:279 - Generated code: C:\Users\AA\Desktop\GIT_STM\G491RE_rtos_test1\MXTmpFiles\rtos_pfp.tmp
2026-07-14 00:21:23,608 [INFO] CodeEngine:255 - oldGeneratedFile, C:\Users\AA\Desktop\GIT_STM\G491RE_rtos_test1\MXTmpFiles\rtos_obj_creat.tmp_save
2026-07-14 00:21:23,671 [INFO] CodeEngine:279 - Generated code: C:\Users\AA\Desktop\GIT_STM\G491RE_rtos_test1\MXTmpFiles\rtos_obj_creat.tmp
2026-07-14 00:21:23,673 [INFO] CodeEngine:255 - oldGeneratedFile, C:\Users\AA\Desktop\GIT_STM\G491RE_rtos_test1\MXTmpFiles\rtos_default_thread.tmp_save
2026-07-14 00:21:23,716 [INFO] CodeEngine:279 - Generated code: C:\Users\AA\Desktop\GIT_STM\G491RE_rtos_test1\MXTmpFiles\rtos_default_thread.tmp
2026-07-14 00:21:23,719 [INFO] CodeEngine:255 - oldGeneratedFile, C:\Users\AA\Desktop\GIT_STM\G491RE_rtos_test1\MXTmpFiles\rtos_threads.tmp_save
2026-07-14 00:21:23,780 [INFO] CodeEngine:279 - Generated code: C:\Users\AA\Desktop\GIT_STM\G491RE_rtos_test1\MXTmpFiles\rtos_threads.tmp
2026-07-14 00:21:23,790 [INFO] Middleware:1450 - No code input for Bsp Dependency
2026-07-14 00:21:23,797 [INFO] CodeEngine:255 - oldGeneratedFile, C:\Users\AA\Desktop\GIT_STM\G491RE_rtos_test1\MXTmpFiles\rtos_inc.tmp_save
2026-07-14 00:21:23,859 [INFO] CodeEngine:279 - Generated code: C:\Users\AA\Desktop\GIT_STM\G491RE_rtos_test1\MXTmpFiles\rtos_inc.tmp
2026-07-14 00:21:23,863 [INFO] CodeEngine:255 - oldGeneratedFile, C:\Users\AA\Desktop\GIT_STM\G491RE_rtos_test1\MXTmpFiles\rtos_kernelInit.tmp_save
2026-07-14 00:21:23,906 [INFO] CodeEngine:279 - Generated code: C:\Users\AA\Desktop\GIT_STM\G491RE_rtos_test1\MXTmpFiles\rtos_kernelInit.tmp
2026-07-14 00:21:23,909 [INFO] CodeEngine:255 - oldGeneratedFile, C:\Users\AA\Desktop\GIT_STM\G491RE_rtos_test1\MXTmpFiles\rtos_kernelStart.tmp_save
2026-07-14 00:21:23,953 [INFO] CodeEngine:279 - Generated code: C:\Users\AA\Desktop\GIT_STM\G491RE_rtos_test1\MXTmpFiles\rtos_kernelStart.tmp
2026-07-14 00:21:23,957 [INFO] CodeEngine:255 - oldGeneratedFile, C:\Users\AA\Desktop\GIT_STM\G491RE_rtos_test1\MXTmpFiles\rtos_typedefs.tmp_save
2026-07-14 00:21:23,999 [INFO] CodeEngine:279 - Generated code: C:\Users\AA\Desktop\GIT_STM\G491RE_rtos_test1\MXTmpFiles\rtos_typedefs.tmp
2026-07-14 00:21:24,014 [INFO] CodeEngine:255 - oldGeneratedFile, C:\Users\AA\Desktop\GIT_STM\G491RE_rtos_test1\MXTmpFiles\rtos_vars.tmp_save
2026-07-14 00:21:24,074 [INFO] CodeEngine:279 - Generated code: C:\Users\AA\Desktop\GIT_STM\G491RE_rtos_test1\MXTmpFiles\rtos_vars.tmp
2026-07-14 00:21:24,079 [INFO] CodeEngine:255 - oldGeneratedFile, C:\Users\AA\Desktop\GIT_STM\G491RE_rtos_test1\MXTmpFiles\rtos_pfp.tmp_save
2026-07-14 00:21:24,126 [INFO] CodeEngine:279 - Generated code: C:\Users\AA\Desktop\GIT_STM\G491RE_rtos_test1\MXTmpFiles\rtos_pfp.tmp
2026-07-14 00:21:24,138 [INFO] CodeEngine:255 - oldGeneratedFile, C:\Users\AA\Desktop\GIT_STM\G491RE_rtos_test1\MXTmpFiles\rtos_obj_creat.tmp_save
2026-07-14 00:21:24,191 [INFO] CodeEngine:279 - Generated code: C:\Users\AA\Desktop\GIT_STM\G491RE_rtos_test1\MXTmpFiles\rtos_obj_creat.tmp
2026-07-14 00:21:24,197 [INFO] CodeEngine:255 - oldGeneratedFile, C:\Users\AA\Desktop\GIT_STM\G491RE_rtos_test1\MXTmpFiles\rtos_default_thread.tmp_save
2026-07-14 00:21:24,246 [INFO] CodeEngine:279 - Generated code: C:\Users\AA\Desktop\GIT_STM\G491RE_rtos_test1\MXTmpFiles\rtos_default_thread.tmp
2026-07-14 00:21:24,251 [INFO] CodeEngine:255 - oldGeneratedFile, C:\Users\AA\Desktop\GIT_STM\G491RE_rtos_test1\MXTmpFiles\rtos_threads.tmp_save
2026-07-14 00:21:24,304 [INFO] CodeEngine:279 - Generated code: C:\Users\AA\Desktop\GIT_STM\G491RE_rtos_test1\MXTmpFiles\rtos_threads.tmp
2026-07-14 00:21:24,317 [INFO] CodeEngine:255 - oldGeneratedFile, C:\Users\AA\Desktop\GIT_STM\G491RE_rtos_test1\Core\Inc\FreeRTOSConfig.h_save
2026-07-14 00:21:24,387 [INFO] CodeEngine:279 - Generated code: C:\Users\AA\Desktop\GIT_STM\G491RE_rtos_test1\Core\Inc\FreeRTOSConfig.h
2026-07-14 00:21:24,400 [INFO] CodeEngine:255 - oldGeneratedFile, C:\Users\AA\Desktop\GIT_STM\G491RE_rtos_test1\Core\Src\app_freertos.c_save
2026-07-14 00:21:24,458 [INFO] CodeEngine:279 - Generated code: C:\Users\AA\Desktop\GIT_STM\G491RE_rtos_test1\Core\Src\app_freertos.c
2026-07-14 00:21:24,467 [INFO] CodeEngine:255 - oldGeneratedFile, C:\Users\AA\Desktop\GIT_STM\G491RE_rtos_test1\Core\Inc\stm32g4xx_nucleo_conf.h_save
2026-07-14 00:21:24,534 [INFO] CodeEngine:279 - Generated code: C:\Users\AA\Desktop\GIT_STM\G491RE_rtos_test1\Core\Inc\stm32g4xx_nucleo_conf.h
2026-07-14 00:21:24,537 [INFO] CodeEngine:255 - oldGeneratedFile, C:\Users\AA\Desktop\GIT_STM\G491RE_rtos_test1\MXTmpFiles\bsp_inc.tmp_save
2026-07-14 00:21:24,610 [INFO] CodeEngine:279 - Generated code: C:\Users\AA\Desktop\GIT_STM\G491RE_rtos_test1\MXTmpFiles\bsp_inc.tmp
2026-07-14 00:21:24,614 [INFO] CodeEngine:255 - oldGeneratedFile, C:\Users\AA\Desktop\GIT_STM\G491RE_rtos_test1\MXTmpFiles\bsp_common_vars.tmp_save
2026-07-14 00:21:24,687 [INFO] CodeEngine:279 - Generated code: C:\Users\AA\Desktop\GIT_STM\G491RE_rtos_test1\MXTmpFiles\bsp_common_vars.tmp
2026-07-14 00:21:24,690 [INFO] CodeEngine:255 - oldGeneratedFile, C:\Users\AA\Desktop\GIT_STM\G491RE_rtos_test1\MXTmpFiles\bsp_common_init.tmp_save
2026-07-14 00:21:24,742 [INFO] CodeEngine:279 - Generated code: C:\Users\AA\Desktop\GIT_STM\G491RE_rtos_test1\MXTmpFiles\bsp_common_init.tmp
2026-07-14 00:21:24,745 [INFO] CodeEngine:255 - oldGeneratedFile, C:\Users\AA\Desktop\GIT_STM\G491RE_rtos_test1\MXTmpFiles\bsp_common_demo_before_while.tmp_save
2026-07-14 00:21:24,789 [INFO] CodeEngine:279 - Generated code: C:\Users\AA\Desktop\GIT_STM\G491RE_rtos_test1\MXTmpFiles\bsp_common_demo_before_while.tmp
2026-07-14 00:21:24,792 [INFO] CodeEngine:255 - oldGeneratedFile, C:\Users\AA\Desktop\GIT_STM\G491RE_rtos_test1\MXTmpFiles\bsp_common_demo_inside_while.tmp_save
2026-07-14 00:21:24,840 [INFO] CodeEngine:279 - Generated code: C:\Users\AA\Desktop\GIT_STM\G491RE_rtos_test1\MXTmpFiles\bsp_common_demo_inside_while.tmp
2026-07-14 00:21:24,843 [INFO] CodeEngine:255 - oldGeneratedFile, C:\Users\AA\Desktop\GIT_STM\G491RE_rtos_test1\MXTmpFiles\bsp_common_demo_fct.tmp_save
2026-07-14 00:21:24,887 [INFO] CodeEngine:279 - Generated code: C:\Users\AA\Desktop\GIT_STM\G491RE_rtos_test1\MXTmpFiles\bsp_common_demo_fct.tmp
2026-07-14 00:21:24,902 [INFO] CodeEngine:255 - oldGeneratedFile, C:\Users\AA\Desktop\GIT_STM\G491RE_rtos_test1\Core\Src\stm32g4xx_it.c_save
2026-07-14 00:21:25,061 [INFO] CodeEngine:279 - Generated code: C:\Users\AA\Desktop\GIT_STM\G491RE_rtos_test1\Core\Src\stm32g4xx_it.c
2026-07-14 00:21:25,067 [INFO] CodeEngine:255 - oldGeneratedFile, C:\Users\AA\Desktop\GIT_STM\G491RE_rtos_test1\Core\Inc\stm32g4xx_it.h_save
2026-07-14 00:21:25,129 [INFO] CodeEngine:279 - Generated code: C:\Users\AA\Desktop\GIT_STM\G491RE_rtos_test1\Core\Inc\stm32g4xx_it.h
2026-07-14 00:21:25,159 [INFO] CodeEngine:255 - oldGeneratedFile, C:\Users\AA\Desktop\GIT_STM\G491RE_rtos_test1\Core\Src\stm32g4xx_hal_msp.c_save
2026-07-14 00:21:25,247 [INFO] CodeEngine:279 - Generated code: C:\Users\AA\Desktop\GIT_STM\G491RE_rtos_test1\Core\Src\stm32g4xx_hal_msp.c
2026-07-14 00:21:25,250 [INFO] CodeEngine:255 - oldGeneratedFile, C:\Users\AA\Desktop\GIT_STM\G491RE_rtos_test1\MXTmpFiles\system.tmp_save
2026-07-14 00:21:25,298 [INFO] CodeEngine:279 - Generated code: C:\Users\AA\Desktop\GIT_STM\G491RE_rtos_test1\MXTmpFiles\system.tmp
2026-07-14 00:21:25,310 [INFO] CodeEngine:255 - oldGeneratedFile, C:\Users\AA\Desktop\GIT_STM\G491RE_rtos_test1\Core\Src\stm32g4xx_hal_timebase_tim.c_save
2026-07-14 00:21:25,359 [INFO] CodeEngine:279 - Generated code: C:\Users\AA\Desktop\GIT_STM\G491RE_rtos_test1\Core\Src\stm32g4xx_hal_timebase_tim.c
2026-07-14 00:21:25,374 [INFO] CodeEngine:311 - oldGeneratedFile, C:\Users\AA\Desktop\GIT_STM\G491RE_rtos_test1\Core\Inc\stm32g4xx_hal_conf.h_save
2026-07-14 00:21:25,455 [INFO] CodeEngine:335 - Generated code: C:\Users\AA\Desktop\GIT_STM\G491RE_rtos_test1\Core\Inc\stm32g4xx_hal_conf.h
2026-07-14 00:21:25,473 [WARN] IPConfigManager:3034 - Warning: the RefConfig RCC_CommonPeriphClockConfig is not available in your config.xml file
2026-07-14 00:21:25,495 [INFO] CodeEngine:255 - oldGeneratedFile, C:\Users\AA\Desktop\GIT_STM\G491RE_rtos_test1\Core\Inc\main.h_save
2026-07-14 00:21:25,562 [INFO] CodeEngine:279 - Generated code: C:\Users\AA\Desktop\GIT_STM\G491RE_rtos_test1\Core\Inc\main.h
2026-07-14 00:21:25,574 [INFO] CodeEngine:255 - oldGeneratedFile, C:\Users\AA\Desktop\GIT_STM\G491RE_rtos_test1\Core\Src\main.c_save
2026-07-14 00:21:25,702 [INFO] CodeEngine:279 - Generated code: C:\Users\AA\Desktop\GIT_STM\G491RE_rtos_test1\Core\Src\main.c
2026-07-14 00:21:26,057 [INFO] ProjectBuilder:3289 - Time for Copy HAL[1] : 162mS.
2026-07-14 00:21:26,060 [INFO] ProjectBuilder:4876 - Project Generator version: 4.5.0-RC5
2026-07-14 00:21:26,127 [INFO] ConfigFileManager:1579 - The Die is : DIE479
2026-07-14 00:21:26,917 [INFO] ProjectBuilder:5154 - Time for Generating toolchain IDE Files: 857mS.
2026-07-14 00:21:26,917 [INFO] ProjectBuilder:3146 - Time for Copy CMSIS : 0mS.
2026-07-14 00:21:26,923 [INFO] ProjectBuilder:3146 - Time for Copy CMSIS : 1mS.
2026-07-14 00:21:27,453 [ERROR] IocParser:95 - Exception caught: null
2026-07-14 00:40:16,521 [INFO] WebApp:190 - Connection lost
2026-07-14 00:40:16,925 [INFO] WebApp:187 - Connection restablished
2026-07-14 00:41:58,887 [INFO] WebApp:190 - Connection lost
2026-07-14 00:41:59,310 [INFO] WebApp:187 - Connection restablished
2026-07-14 00:50:32,743 [ERROR] ConfigurationRetriever:142 - IOException on connection: Connect timed out
2026-07-14 01:31:45,592 [INFO] TasksAndQueuesTab:757 - Dynamic
2026-07-14 01:31:45,593 [WARN] TasksAndQueuesTab:763 - 128 128
2026-07-14 01:31:45,593 [WARN] TasksAndQueuesTab:775 - max value is: 768.0
2026-07-14 01:31:45,593 [INFO] TasksAndQueuesTab:757 - Dynamic
2026-07-14 01:31:45,593 [WARN] TasksAndQueuesTab:763 - 128 128
2026-07-14 01:31:45,593 [WARN] TasksAndQueuesTab:775 - max value is: 768.0
2026-07-14 01:31:49,153 [INFO] UtilMem:75 - End SaveConfig() Used Memory: 880876272 Bytes (1073741824)
2026-07-14 01:31:49,277 [INFO] UtilMem:75 - End SaveConfig() Used Memory: 901847792 Bytes (1073741824)
2026-07-14 01:31:49,902 [INFO] UtilMem:75 - End SaveConfig() Used Memory: 940511424 Bytes (1073741824)
2026-07-14 01:31:50,122 [ERROR] IocParser:95 - Exception caught: null
2026-07-14 01:31:50,294 [INFO] BlockDiagram:2766 - set Specific Code input for plugin: FREERTOS
2026-07-14 01:31:50,294 [INFO] BlockDiagram:2766 - set Specific Code input for plugin: SYS
2026-07-14 01:31:50,294 [INFO] BlockDiagram:2766 - set Specific Code input for plugin: RCC
2026-07-14 01:31:50,294 [INFO] BlockDiagram:2766 - set Specific Code input for plugin: NUCLEO-G491RE
2026-07-14 01:31:50,294 [INFO] BlockDiagram:2766 - set Specific Code input for plugin: NVIC
2026-07-14 01:31:50,295 [INFO] BlockDiagram:2766 - set Specific Code input for plugin: GPIO
2026-07-14 01:31:50,296 [INFO] CodeGenerator:896 - code generatio: config db path: C:\ST\STM32CubeIDE_1.17.0\STM32CubeIDE\plugins\com.st.stm32cube.common.mx_6.13.0.202411220809\\db\
2026-07-14 01:31:50,371 [INFO] CodeEngine:255 - oldGeneratedFile, C:\Users\AA\Desktop\GIT_STM\G491RE_rtos_test1\MXTmpFiles\license.tmp_save
2026-07-14 01:31:50,598 [INFO] CodeEngine:279 - Generated code: C:\Users\AA\Desktop\GIT_STM\G491RE_rtos_test1\MXTmpFiles\license.tmp
2026-07-14 01:31:50,628 [INFO] CodeEngine:255 - oldGeneratedFile, C:\Users\AA\Desktop\GIT_STM\G491RE_rtos_test1\MXTmpFiles\gpio.tmp_save
2026-07-14 01:31:50,778 [INFO] CodeEngine:279 - Generated code: C:\Users\AA\Desktop\GIT_STM\G491RE_rtos_test1\MXTmpFiles\gpio.tmp
2026-07-14 01:31:50,881 [INFO] Middleware:1450 - No code input for Bsp Dependency
2026-07-14 01:31:50,890 [INFO] CodeEngine:255 - oldGeneratedFile, C:\Users\AA\Desktop\GIT_STM\G491RE_rtos_test1\MXTmpFiles\rtos_inc.tmp_save
2026-07-14 01:31:51,034 [INFO] CodeEngine:279 - Generated code: C:\Users\AA\Desktop\GIT_STM\G491RE_rtos_test1\MXTmpFiles\rtos_inc.tmp
2026-07-14 01:31:51,038 [INFO] CodeEngine:255 - oldGeneratedFile, C:\Users\AA\Desktop\GIT_STM\G491RE_rtos_test1\MXTmpFiles\rtos_kernelInit.tmp_save
2026-07-14 01:31:51,162 [INFO] CodeEngine:279 - Generated code: C:\Users\AA\Desktop\GIT_STM\G491RE_rtos_test1\MXTmpFiles\rtos_kernelInit.tmp
2026-07-14 01:31:51,167 [INFO] CodeEngine:255 - oldGeneratedFile, C:\Users\AA\Desktop\GIT_STM\G491RE_rtos_test1\MXTmpFiles\rtos_kernelStart.tmp_save
2026-07-14 01:31:51,246 [INFO] CodeEngine:279 - Generated code: C:\Users\AA\Desktop\GIT_STM\G491RE_rtos_test1\MXTmpFiles\rtos_kernelStart.tmp
2026-07-14 01:31:51,250 [INFO] CodeEngine:255 - oldGeneratedFile, C:\Users\AA\Desktop\GIT_STM\G491RE_rtos_test1\MXTmpFiles\rtos_typedefs.tmp_save
2026-07-14 01:31:51,321 [INFO] CodeEngine:279 - Generated code: C:\Users\AA\Desktop\GIT_STM\G491RE_rtos_test1\MXTmpFiles\rtos_typedefs.tmp
2026-07-14 01:31:51,324 [INFO] CodeEngine:255 - oldGeneratedFile, C:\Users\AA\Desktop\GIT_STM\G491RE_rtos_test1\MXTmpFiles\rtos_vars.tmp_save
2026-07-14 01:31:51,420 [INFO] CodeEngine:279 - Generated code: C:\Users\AA\Desktop\GIT_STM\G491RE_rtos_test1\MXTmpFiles\rtos_vars.tmp
2026-07-14 01:31:51,424 [INFO] CodeEngine:255 - oldGeneratedFile, C:\Users\AA\Desktop\GIT_STM\G491RE_rtos_test1\MXTmpFiles\rtos_pfp.tmp_save
2026-07-14 01:31:51,475 [INFO] CodeEngine:279 - Generated code: C:\Users\AA\Desktop\GIT_STM\G491RE_rtos_test1\MXTmpFiles\rtos_pfp.tmp
2026-07-14 01:31:51,478 [INFO] CodeEngine:255 - oldGeneratedFile, C:\Users\AA\Desktop\GIT_STM\G491RE_rtos_test1\MXTmpFiles\rtos_obj_creat.tmp_save
2026-07-14 01:31:51,549 [INFO] CodeEngine:279 - Generated code: C:\Users\AA\Desktop\GIT_STM\G491RE_rtos_test1\MXTmpFiles\rtos_obj_creat.tmp
2026-07-14 01:31:51,553 [INFO] CodeEngine:255 - oldGeneratedFile, C:\Users\AA\Desktop\GIT_STM\G491RE_rtos_test1\MXTmpFiles\rtos_default_thread.tmp_save
2026-07-14 01:31:51,620 [INFO] CodeEngine:279 - Generated code: C:\Users\AA\Desktop\GIT_STM\G491RE_rtos_test1\MXTmpFiles\rtos_default_thread.tmp
2026-07-14 01:31:51,623 [INFO] CodeEngine:255 - oldGeneratedFile, C:\Users\AA\Desktop\GIT_STM\G491RE_rtos_test1\MXTmpFiles\rtos_threads.tmp_save
2026-07-14 01:31:51,681 [INFO] CodeEngine:279 - Generated code: C:\Users\AA\Desktop\GIT_STM\G491RE_rtos_test1\MXTmpFiles\rtos_threads.tmp
2026-07-14 01:31:51,696 [INFO] Middleware:1450 - No code input for Bsp Dependency
2026-07-14 01:31:51,704 [INFO] CodeEngine:255 - oldGeneratedFile, C:\Users\AA\Desktop\GIT_STM\G491RE_rtos_test1\MXTmpFiles\rtos_inc.tmp_save
2026-07-14 01:31:51,780 [INFO] CodeEngine:279 - Generated code: C:\Users\AA\Desktop\GIT_STM\G491RE_rtos_test1\MXTmpFiles\rtos_inc.tmp
2026-07-14 01:31:51,785 [INFO] CodeEngine:255 - oldGeneratedFile, C:\Users\AA\Desktop\GIT_STM\G491RE_rtos_test1\MXTmpFiles\rtos_kernelInit.tmp_save
2026-07-14 01:31:51,835 [INFO] CodeEngine:279 - Generated code: C:\Users\AA\Desktop\GIT_STM\G491RE_rtos_test1\MXTmpFiles\rtos_kernelInit.tmp
2026-07-14 01:31:51,840 [INFO] CodeEngine:255 - oldGeneratedFile, C:\Users\AA\Desktop\GIT_STM\G491RE_rtos_test1\MXTmpFiles\rtos_kernelStart.tmp_save
2026-07-14 01:31:51,891 [INFO] CodeEngine:279 - Generated code: C:\Users\AA\Desktop\GIT_STM\G491RE_rtos_test1\MXTmpFiles\rtos_kernelStart.tmp
2026-07-14 01:31:51,897 [INFO] CodeEngine:255 - oldGeneratedFile, C:\Users\AA\Desktop\GIT_STM\G491RE_rtos_test1\MXTmpFiles\rtos_typedefs.tmp_save
2026-07-14 01:31:51,970 [INFO] CodeEngine:279 - Generated code: C:\Users\AA\Desktop\GIT_STM\G491RE_rtos_test1\MXTmpFiles\rtos_typedefs.tmp
2026-07-14 01:31:51,989 [INFO] CodeEngine:255 - oldGeneratedFile, C:\Users\AA\Desktop\GIT_STM\G491RE_rtos_test1\MXTmpFiles\rtos_vars.tmp_save
2026-07-14 01:31:52,054 [INFO] CodeEngine:279 - Generated code: C:\Users\AA\Desktop\GIT_STM\G491RE_rtos_test1\MXTmpFiles\rtos_vars.tmp
2026-07-14 01:31:52,059 [INFO] CodeEngine:255 - oldGeneratedFile, C:\Users\AA\Desktop\GIT_STM\G491RE_rtos_test1\MXTmpFiles\rtos_pfp.tmp_save
2026-07-14 01:31:52,113 [INFO] CodeEngine:279 - Generated code: C:\Users\AA\Desktop\GIT_STM\G491RE_rtos_test1\MXTmpFiles\rtos_pfp.tmp
2026-07-14 01:31:52,124 [INFO] CodeEngine:255 - oldGeneratedFile, C:\Users\AA\Desktop\GIT_STM\G491RE_rtos_test1\MXTmpFiles\rtos_obj_creat.tmp_save
2026-07-14 01:31:52,180 [INFO] CodeEngine:279 - Generated code: C:\Users\AA\Desktop\GIT_STM\G491RE_rtos_test1\MXTmpFiles\rtos_obj_creat.tmp
2026-07-14 01:31:52,186 [INFO] CodeEngine:255 - oldGeneratedFile, C:\Users\AA\Desktop\GIT_STM\G491RE_rtos_test1\MXTmpFiles\rtos_default_thread.tmp_save
2026-07-14 01:31:52,237 [INFO] CodeEngine:279 - Generated code: C:\Users\AA\Desktop\GIT_STM\G491RE_rtos_test1\MXTmpFiles\rtos_default_thread.tmp
2026-07-14 01:31:52,241 [INFO] CodeEngine:255 - oldGeneratedFile, C:\Users\AA\Desktop\GIT_STM\G491RE_rtos_test1\MXTmpFiles\rtos_threads.tmp_save
2026-07-14 01:31:52,299 [INFO] CodeEngine:279 - Generated code: C:\Users\AA\Desktop\GIT_STM\G491RE_rtos_test1\MXTmpFiles\rtos_threads.tmp
2026-07-14 01:31:52,313 [INFO] CodeEngine:255 - oldGeneratedFile, C:\Users\AA\Desktop\GIT_STM\G491RE_rtos_test1\Core\Inc\FreeRTOSConfig.h_save
2026-07-14 01:31:52,393 [INFO] CodeEngine:279 - Generated code: C:\Users\AA\Desktop\GIT_STM\G491RE_rtos_test1\Core\Inc\FreeRTOSConfig.h
2026-07-14 01:31:52,413 [INFO] CodeEngine:255 - oldGeneratedFile, C:\Users\AA\Desktop\GIT_STM\G491RE_rtos_test1\Core\Src\app_freertos.c_save
2026-07-14 01:31:52,476 [INFO] CodeEngine:279 - Generated code: C:\Users\AA\Desktop\GIT_STM\G491RE_rtos_test1\Core\Src\app_freertos.c
2026-07-14 01:31:52,489 [INFO] CodeEngine:255 - oldGeneratedFile, C:\Users\AA\Desktop\GIT_STM\G491RE_rtos_test1\Core\Inc\stm32g4xx_nucleo_conf.h_save
2026-07-14 01:31:52,587 [INFO] CodeEngine:279 - Generated code: C:\Users\AA\Desktop\GIT_STM\G491RE_rtos_test1\Core\Inc\stm32g4xx_nucleo_conf.h
2026-07-14 01:31:52,590 [INFO] CodeEngine:255 - oldGeneratedFile, C:\Users\AA\Desktop\GIT_STM\G491RE_rtos_test1\MXTmpFiles\bsp_inc.tmp_save
2026-07-14 01:31:52,644 [INFO] CodeEngine:279 - Generated code: C:\Users\AA\Desktop\GIT_STM\G491RE_rtos_test1\MXTmpFiles\bsp_inc.tmp
2026-07-14 01:31:52,647 [INFO] CodeEngine:255 - oldGeneratedFile, C:\Users\AA\Desktop\GIT_STM\G491RE_rtos_test1\MXTmpFiles\bsp_common_vars.tmp_save
2026-07-14 01:31:52,698 [INFO] CodeEngine:279 - Generated code: C:\Users\AA\Desktop\GIT_STM\G491RE_rtos_test1\MXTmpFiles\bsp_common_vars.tmp
2026-07-14 01:31:52,700 [INFO] CodeEngine:255 - oldGeneratedFile, C:\Users\AA\Desktop\GIT_STM\G491RE_rtos_test1\MXTmpFiles\bsp_common_init.tmp_save
2026-07-14 01:31:52,764 [INFO] CodeEngine:279 - Generated code: C:\Users\AA\Desktop\GIT_STM\G491RE_rtos_test1\MXTmpFiles\bsp_common_init.tmp
2026-07-14 01:31:52,768 [INFO] CodeEngine:255 - oldGeneratedFile, C:\Users\AA\Desktop\GIT_STM\G491RE_rtos_test1\MXTmpFiles\bsp_common_demo_before_while.tmp_save
2026-07-14 01:31:52,811 [INFO] CodeEngine:279 - Generated code: C:\Users\AA\Desktop\GIT_STM\G491RE_rtos_test1\MXTmpFiles\bsp_common_demo_before_while.tmp
2026-07-14 01:31:52,814 [INFO] CodeEngine:255 - oldGeneratedFile, C:\Users\AA\Desktop\GIT_STM\G491RE_rtos_test1\MXTmpFiles\bsp_common_demo_inside_while.tmp_save
2026-07-14 01:31:52,878 [INFO] CodeEngine:279 - Generated code: C:\Users\AA\Desktop\GIT_STM\G491RE_rtos_test1\MXTmpFiles\bsp_common_demo_inside_while.tmp
2026-07-14 01:31:52,882 [INFO] CodeEngine:255 - oldGeneratedFile, C:\Users\AA\Desktop\GIT_STM\G491RE_rtos_test1\MXTmpFiles\bsp_common_demo_fct.tmp_save
2026-07-14 01:31:52,925 [INFO] CodeEngine:279 - Generated code: C:\Users\AA\Desktop\GIT_STM\G491RE_rtos_test1\MXTmpFiles\bsp_common_demo_fct.tmp
2026-07-14 01:31:52,941 [INFO] CodeEngine:255 - oldGeneratedFile, C:\Users\AA\Desktop\GIT_STM\G491RE_rtos_test1\Core\Src\stm32g4xx_it.c_save
2026-07-14 01:31:53,074 [INFO] CodeEngine:279 - Generated code: C:\Users\AA\Desktop\GIT_STM\G491RE_rtos_test1\Core\Src\stm32g4xx_it.c
2026-07-14 01:31:53,084 [INFO] CodeEngine:255 - oldGeneratedFile, C:\Users\AA\Desktop\GIT_STM\G491RE_rtos_test1\Core\Inc\stm32g4xx_it.h_save
2026-07-14 01:31:53,130 [INFO] CodeEngine:279 - Generated code: C:\Users\AA\Desktop\GIT_STM\G491RE_rtos_test1\Core\Inc\stm32g4xx_it.h
2026-07-14 01:31:53,151 [INFO] CodeEngine:255 - oldGeneratedFile, C:\Users\AA\Desktop\GIT_STM\G491RE_rtos_test1\Core\Src\stm32g4xx_hal_msp.c_save
2026-07-14 01:31:53,238 [INFO] CodeEngine:279 - Generated code: C:\Users\AA\Desktop\GIT_STM\G491RE_rtos_test1\Core\Src\stm32g4xx_hal_msp.c
2026-07-14 01:31:53,241 [INFO] CodeEngine:255 - oldGeneratedFile, C:\Users\AA\Desktop\GIT_STM\G491RE_rtos_test1\MXTmpFiles\system.tmp_save
2026-07-14 01:31:53,290 [INFO] CodeEngine:279 - Generated code: C:\Users\AA\Desktop\GIT_STM\G491RE_rtos_test1\MXTmpFiles\system.tmp
2026-07-14 01:31:53,302 [INFO] CodeEngine:255 - oldGeneratedFile, C:\Users\AA\Desktop\GIT_STM\G491RE_rtos_test1\Core\Src\stm32g4xx_hal_timebase_tim.c_save
2026-07-14 01:31:53,351 [INFO] CodeEngine:279 - Generated code: C:\Users\AA\Desktop\GIT_STM\G491RE_rtos_test1\Core\Src\stm32g4xx_hal_timebase_tim.c
2026-07-14 01:31:53,369 [INFO] CodeEngine:311 - oldGeneratedFile, C:\Users\AA\Desktop\GIT_STM\G491RE_rtos_test1\Core\Inc\stm32g4xx_hal_conf.h_save
2026-07-14 01:31:53,444 [INFO] CodeEngine:335 - Generated code: C:\Users\AA\Desktop\GIT_STM\G491RE_rtos_test1\Core\Inc\stm32g4xx_hal_conf.h
2026-07-14 01:31:53,467 [WARN] IPConfigManager:3034 - Warning: the RefConfig RCC_CommonPeriphClockConfig is not available in your config.xml file
2026-07-14 01:31:53,489 [INFO] CodeEngine:255 - oldGeneratedFile, C:\Users\AA\Desktop\GIT_STM\G491RE_rtos_test1\Core\Inc\main.h_save
2026-07-14 01:31:53,569 [INFO] CodeEngine:279 - Generated code: C:\Users\AA\Desktop\GIT_STM\G491RE_rtos_test1\Core\Inc\main.h
2026-07-14 01:31:53,580 [INFO] CodeEngine:255 - oldGeneratedFile, C:\Users\AA\Desktop\GIT_STM\G491RE_rtos_test1\Core\Src\main.c_save
2026-07-14 01:31:53,700 [INFO] CodeEngine:279 - Generated code: C:\Users\AA\Desktop\GIT_STM\G491RE_rtos_test1\Core\Src\main.c
2026-07-14 01:31:54,175 [INFO] ProjectBuilder:3289 - Time for Copy HAL[1] : 216mS.
2026-07-14 01:31:54,179 [INFO] ProjectBuilder:4876 - Project Generator version: 4.5.0-RC5
2026-07-14 01:31:54,270 [INFO] ConfigFileManager:1579 - The Die is : DIE479
2026-07-14 01:31:55,595 [INFO] ProjectBuilder:5154 - Time for Generating toolchain IDE Files: 1416mS.
2026-07-14 01:31:55,596 [INFO] ProjectBuilder:3146 - Time for Copy CMSIS : 0mS.
2026-07-14 01:31:55,602 [INFO] ProjectBuilder:3146 - Time for Copy CMSIS : 0mS.
